nohup: ignoring input
Starting trials...
epsilon = 0.0009
Keys in data:
['data', 'data_all_atom', 'dihedrals', 'potential', 'kbT', 'kbT_roomtemp', 'free_energy', 'biasFactor', 'biasWidth', 'height', 'frequency']
Data shape from trajectory:
(200000, 12)
kbT for data:2.494338785445972
kbT for room temperature:2.494338785445972
number of samples for subsampled data:12632
Keys in data: 
['data', 'dihedrals', 'potential', 'kbT']
kbT value: 2.494338785445972
{'committor': array([0.9999811 , 0.99998123, 0.9999811 , ..., 1.        , 0.46112317,
       0.48565489]), 'epsilon': 0.0009, 'rate': 49.27753766875773, 'rho_A': 0.6280423783657776}
epsilon = 0.001
Keys in data:
['data', 'data_all_atom', 'dihedrals', 'potential', 'kbT', 'kbT_roomtemp', 'free_energy', 'biasFactor', 'biasWidth', 'height', 'frequency']
Data shape from trajectory:
(200000, 12)
kbT for data:2.494338785445972
kbT for room temperature:2.494338785445972
number of samples for subsampled data:12632
Keys in data: 
['data', 'dihedrals', 'potential', 'kbT']
kbT value: 2.494338785445972
{'committor': array([0.99997673, 0.99997591, 0.99997673, ..., 1.        , 0.45108801,
       0.47223793]), 'epsilon': 0.001, 'rate': 6.305697027686219e-07, 'rho_A': 0.6267041797363525}
epsilon = 0.0011
Keys in data:
['data', 'data_all_atom', 'dihedrals', 'potential', 'kbT', 'kbT_roomtemp', 'free_energy', 'biasFactor', 'biasWidth', 'height', 'frequency']
Data shape from trajectory:
(200000, 12)
kbT for data:2.494338785445972
kbT for room temperature:2.494338785445972
number of samples for subsampled data:12632
Keys in data: 
['data', 'dihedrals', 'potential', 'kbT']
kbT value: 2.494338785445972
{'committor': array([0.9999718 , 0.99997033, 0.9999718 , ..., 1.        , 0.44459779,
       0.46338089]), 'epsilon': 0.0011, 'rate': 2.0392161492073197e-06, 'rho_A': 0.6255198802772557}
epsilon = 0.0012000000000000001
Keys in data:
['data', 'data_all_atom', 'dihedrals', 'potential', 'kbT', 'kbT_roomtemp', 'free_energy', 'biasFactor', 'biasWidth', 'height', 'frequency']
Data shape from trajectory:
(200000, 12)
kbT for data:2.494338785445972
kbT for room temperature:2.494338785445972
number of samples for subsampled data:12632
Keys in data: 
['data', 'dihedrals', 'potential', 'kbT']
kbT value: 2.494338785445972
{'committor': array([0.99996647, 0.99996423, 0.99996646, ..., 1.        , 0.44086851,
       0.45826092]), 'epsilon': 0.0012000000000000001, 'rate': 5.455760607944259e-06, 'rho_A': 0.6244723054266075}
epsilon = 0.0013
Keys in data:
['data', 'data_all_atom', 'dihedrals', 'potential', 'kbT', 'kbT_roomtemp', 'free_energy', 'biasFactor', 'biasWidth', 'height', 'frequency']
Data shape from trajectory:
(200000, 12)
kbT for data:2.494338785445972
kbT for room temperature:2.494338785445972
number of samples for subsampled data:12632
Keys in data: 
['data', 'dihedrals', 'potential', 'kbT']
kbT value: 2.494338785445972
{'committor': array([0.99996051, 0.99995731, 0.9999605 , ..., 1.        , 0.43906891,
       0.45599606]), 'epsilon': 0.0013, 'rate': 1.2610849595445668e-05, 'rho_A': 0.6235526684379215}
epsilon = 0.0014
Keys in data:
['data', 'data_all_atom', 'dihedrals', 'potential', 'kbT', 'kbT_roomtemp', 'free_energy', 'biasFactor', 'biasWidth', 'height', 'frequency']
Data shape from trajectory:
(200000, 12)
kbT for data:2.494338785445972
kbT for room temperature:2.494338785445972
number of samples for subsampled data:12632
Keys in data: 
['data', 'dihedrals', 'potential', 'kbT']
kbT value: 2.494338785445972
{'committor': array([0.99995359, 0.99994919, 0.99995356, ..., 1.        , 0.43849197,
       0.45586379]), 'epsilon': 0.0014, 'rate': 2.597594006546435e-05, 'rho_A': 0.6227495682403119}
epsilon = 0.0015
Keys in data:
['data', 'data_all_atom', 'dihedrals', 'potential', 'kbT', 'kbT_roomtemp', 'free_energy', 'biasFactor', 'biasWidth', 'height', 'frequency']
Data shape from trajectory:
(200000, 12)
kbT for data:2.494338785445972
kbT for room temperature:2.494338785445972
number of samples for subsampled data:12632
Keys in data: 
['data', 'dihedrals', 'potential', 'kbT']
kbT value: 2.494338785445972
{'committor': array([0.99994543, 0.99993953, 0.99994535, ..., 1.        , 0.43861787,
       0.45732045]), 'epsilon': 0.0015, 'rate': 4.877133721911018e-05, 'rho_A': 0.6220487794695556}
epsilon = 0.0015999999999999999
Keys in data:
['data', 'data_all_atom', 'dihedrals', 'potential', 'kbT', 'kbT_roomtemp', 'free_energy', 'biasFactor', 'biasWidth', 'height', 'frequency']
Data shape from trajectory:
(200000, 12)
kbT for data:2.494338785445972
kbT for room temperature:2.494338785445972
number of samples for subsampled data:12632
Keys in data: 
['data', 'dihedrals', 'potential', 'kbT']
kbT value: 2.494338785445972
{'committor': array([0.99993577, 0.99992802, 0.99993562, ..., 1.        , 0.43910723,
       0.45996241]), 'epsilon': 0.0015999999999999999, 'rate': 8.489272228772223e-05, 'rho_A': 0.6214343138124577}
epsilon = 0.0017000000000000001
Keys in data:
['data', 'data_all_atom', 'dihedrals', 'potential', 'kbT', 'kbT_roomtemp', 'free_energy', 'biasFactor', 'biasWidth', 'height', 'frequency']
Data shape from trajectory:
(200000, 12)
kbT for data:2.494338785445972
kbT for room temperature:2.494338785445972
number of samples for subsampled data:12632
Keys in data: 
['data', 'dihedrals', 'potential', 'kbT']
kbT value: 2.494338785445972
{'committor': array([0.99992448, 0.9999144 , 0.99992421, ..., 1.        , 0.43976243,
       0.46348549]), 'epsilon': 0.0017000000000000001, 'rate': 0.00013876807038850438, 'rho_A': 0.6208897849855615}
epsilon = 0.0018
Keys in data:
['data', 'data_all_atom', 'dihedrals', 'potential', 'kbT', 'kbT_roomtemp', 'free_energy', 'biasFactor', 'biasWidth', 'height', 'frequency']
Data shape from trajectory:
(200000, 12)
kbT for data:2.494338785445972
kbT for room temperature:2.494338785445972
number of samples for subsampled data:12632
Keys in data: 
['data', 'dihedrals', 'potential', 'kbT']
kbT value: 2.494338785445972
{'committor': array([0.99991148, 0.9998985 , 0.99991103, ..., 1.        , 0.44048339,
       0.46765625]), 'epsilon': 0.0018, 'rate': 0.00021516447650795275, 'rho_A': 0.6203995551354912}
epsilon = 0.0019
Keys in data:
['data', 'data_all_atom', 'dihedrals', 'potential', 'kbT', 'kbT_roomtemp', 'free_energy', 'biasFactor', 'biasWidth', 'height', 'frequency']
Data shape from trajectory:
(200000, 12)
kbT for data:2.494338785445972
kbT for room temperature:2.494338785445972
number of samples for subsampled data:12632
Keys in data: 
['data', 'dihedrals', 'potential', 'kbT']
kbT value: 2.494338785445972
{'committor': array([0.99989681, 0.99988022, 0.99989609, ..., 1.        , 0.44123045,
       0.4722934 ]), 'epsilon': 0.0019, 'rate': 0.0003189673869065877, 'rho_A': 0.6199495051965801}
epsilon = 0.002
Keys in data:
['data', 'data_all_atom', 'dihedrals', 'potential', 'kbT', 'kbT_roomtemp', 'free_energy', 'biasFactor', 'biasWidth', 'height', 'frequency']
Data shape from trajectory:
(200000, 12)
kbT for data:2.494338785445972
kbT for room temperature:2.494338785445972
number of samples for subsampled data:12632
Keys in data: 
['data', 'dihedrals', 'potential', 'kbT']
kbT value: 2.494338785445972
{'committor': array([0.9998806 , 0.99985958, 0.99987947, ..., 1.        , 0.44199736,
       0.4772558 ]), 'epsilon': 0.002, 'rate': 0.0004549544003208717, 'rho_A': 0.6195274567726881}
epsilon = 0.0021000000000000003
Keys in data:
['data', 'data_all_atom', 'dihedrals', 'potential', 'kbT', 'kbT_roomtemp', 'free_energy', 'biasFactor', 'biasWidth', 'height', 'frequency']
Data shape from trajectory:
(200000, 12)
kbT for data:2.494338785445972
kbT for room temperature:2.494338785445972
number of samples for subsampled data:12632
Keys in data: 
['data', 'dihedrals', 'potential', 'kbT']
kbT value: 2.494338785445972
{'committor': array([0.99986304, 0.99983665, 0.99986135, ..., 1.        , 0.44279355,
       0.48243384]), 'epsilon': 0.0021000000000000003, 'rate': 0.0006275831378975515, 'rho_A': 0.6191233351203584}
epsilon = 0.0022
Keys in data:
['data', 'data_all_atom', 'dihedrals', 'potential', 'kbT', 'kbT_roomtemp', 'free_energy', 'biasFactor', 'biasWidth', 'height', 'frequency']
Data shape from trajectory:
(200000, 12)
kbT for data:2.494338785445972
kbT for room temperature:2.494338785445972
number of samples for subsampled data:12632
Keys in data: 
['data', 'dihedrals', 'potential', 'kbT']
kbT value: 2.494338785445972
{'committor': array([0.99984443, 0.99981158, 0.99984194, ..., 1.        , 0.443633  ,
       0.48774279]), 'epsilon': 0.0022, 'rate': 0.000840808290330043, 'rho_A': 0.6187291606072575}
epsilon = 0.0023
Keys in data:
['data', 'data_all_atom', 'dihedrals', 'potential', 'kbT', 'kbT_roomtemp', 'free_energy', 'biasFactor', 'biasWidth', 'height', 'frequency']
Data shape from trajectory:
(200000, 12)
kbT for data:2.494338785445972
kbT for room temperature:2.494338785445972
number of samples for subsampled data:12632
Keys in data: 
['data', 'dihedrals', 'potential', 'kbT']
kbT value: 2.494338785445972
{'committor': array([0.99982506, 0.9997846 , 0.99982151, ..., 1.        , 0.44452796,
       0.49311752]), 'epsilon': 0.0023, 'rate': 0.0010979376897383136, 'rho_A': 0.6183389337685627}
epsilon = 0.0024000000000000002
Keys in data:
['data', 'data_all_atom', 'dihedrals', 'potential', 'kbT', 'kbT_roomtemp', 'free_energy', 'biasFactor', 'biasWidth', 'height', 'frequency']
Data shape from trajectory:
(200000, 12)
kbT for data:2.494338785445972
kbT for room temperature:2.494338785445972
number of samples for subsampled data:12632
Keys in data: 
['data', 'dihedrals', 'potential', 'kbT']
kbT value: 2.494338785445972
{'committor': array([0.99980526, 0.99975594, 0.99980032, ..., 1.        , 0.44548574,
       0.498508  ]), 'epsilon': 0.0024000000000000002, 'rate': 0.0014015321415193323, 'rho_A': 0.6179484566643617}
epsilon = 0.0025
Keys in data:
['data', 'data_all_atom', 'dihedrals', 'potential', 'kbT', 'kbT_roomtemp', 'free_energy', 'biasFactor', 'biasWidth', 'height', 'frequency']
Data shape from trajectory:
(200000, 12)
kbT for data:2.494338785445972
kbT for room temperature:2.494338785445972
number of samples for subsampled data:12632
Keys in data: 
['data', 'dihedrals', 'potential', 'kbT']
kbT value: 2.494338785445972
{'committor': array([0.99978537, 0.99972588, 0.99977865, ..., 1.        , 0.44650748,
       0.50387574]), 'epsilon': 0.0025, 'rate': 0.001753349468361436, 'rho_A': 0.6175551176495444}
epsilon = 0.0026
Keys in data:
['data', 'data_all_atom', 'dihedrals', 'potential', 'kbT', 'kbT_roomtemp', 'free_energy', 'biasFactor', 'biasWidth', 'height', 'frequency']
Data shape from trajectory:
(200000, 12)
kbT for data:2.494338785445972
kbT for room temperature:2.494338785445972
number of samples for subsampled data:12632
Keys in data: 
['data', 'dihedrals', 'potential', 'kbT']
kbT value: 2.494338785445972
{'committor': array([0.99976567, 0.9996947 , 0.99975673, ..., 1.        , 0.44758836,
       0.50919086]), 'epsilon': 0.0026, 'rate': 0.002154329970813177, 'rho_A': 0.617157657065336}
epsilon = 0.0027
Keys in data:
['data', 'data_all_atom', 'dihedrals', 'potential', 'kbT', 'kbT_roomtemp', 'free_energy', 'biasFactor', 'biasWidth', 'height', 'frequency']
Data shape from trajectory:
(200000, 12)
kbT for data:2.494338785445972
kbT for room temperature:2.494338785445972
number of samples for subsampled data:12632
Keys in data: 
['data', 'dihedrals', 'potential', 'kbT']
kbT value: 2.494338785445972
{'committor': array([0.99974642, 0.99966269, 0.99973478, ..., 1.        , 0.4487184 ,
       0.51442986]), 'epsilon': 0.0027, 'rate': 0.0026046182482520274, 'rho_A': 0.616755926217323}
epsilon = 0.0028
Keys in data:
['data', 'data_all_atom', 'dihedrals', 'potential', 'kbT', 'kbT_roomtemp', 'free_energy', 'biasFactor', 'biasWidth', 'height', 'frequency']
Data shape from trajectory:
(200000, 12)
kbT for data:2.494338785445972
kbT for room temperature:2.494338785445972
number of samples for subsampled data:12632
Keys in data: 
['data', 'dihedrals', 'potential', 'kbT']
kbT value: 2.494338785445972
{'committor': array([0.99972783, 0.9996301 , 0.99971295, ..., 1.        , 0.44988386,
       0.51957386]), 'epsilon': 0.0028, 'rate': 0.003103614923846648, 'rho_A': 0.6163506493211005}
epsilon = 0.0029
Keys in data:
['data', 'data_all_atom', 'dihedrals', 'potential', 'kbT', 'kbT_roomtemp', 'free_energy', 'biasFactor', 'biasWidth', 'height', 'frequency']
Data shape from trajectory:
(200000, 12)
kbT for data:2.494338785445972
kbT for room temperature:2.494338785445972
number of samples for subsampled data:12632
Keys in data: 
['data', 'dihedrals', 'potential', 'kbT']
kbT value: 2.494338785445972
{'committor': array([0.99971005, 0.99959716, 0.99969137, ..., 1.        , 0.4510686 ,
       0.52460732]), 'epsilon': 0.0029, 'rate': 0.0036500511404334896, 'rho_A': 0.615943196556462}
epsilon = 0.003
Keys in data:
['data', 'data_all_atom', 'dihedrals', 'potential', 'kbT', 'kbT_roomtemp', 'free_energy', 'biasFactor', 'biasWidth', 'height', 'frequency']
Data shape from trajectory:
(200000, 12)
kbT for data:2.494338785445972
kbT for room temperature:2.494338785445972
number of samples for subsampled data:12632
Keys in data: 
['data', 'dihedrals', 'potential', 'kbT']
kbT value: 2.494338785445972
{'committor': array([0.99969318, 0.99956409, 0.99967013, ..., 1.        , 0.45225548,
       0.52951711]), 'epsilon': 0.003, 'rate': 0.004242078607217127, 'rho_A': 0.615535375112791}
epsilon = 0.0031000000000000003
Keys in data:
['data', 'data_all_atom', 'dihedrals', 'potential', 'kbT', 'kbT_roomtemp', 'free_energy', 'biasFactor', 'biasWidth', 'height', 'frequency']
Data shape from trajectory:
(200000, 12)
kbT for data:2.494338785445972
kbT for room temperature:2.494338785445972
number of samples for subsampled data:12632
Keys in data: 
['data', 'dihedrals', 'potential', 'kbT']
kbT value: 2.494338785445972
{'committor': array([0.99967728, 0.99953105, 0.99964927, ..., 1.        , 0.45342756,
       0.5342919 ]), 'epsilon': 0.0031000000000000003, 'rate': 0.0048773683784366475, 'rho_A': 0.6151292436974061}
epsilon = 0.0031999999999999997
Keys in data:
['data', 'data_all_atom', 'dihedrals', 'potential', 'kbT', 'kbT_roomtemp', 'free_energy', 'biasFactor', 'biasWidth', 'height', 'frequency']
Data shape from trajectory:
(200000, 12)
kbT for data:2.494338785445972
kbT for room temperature:2.494338785445972
number of samples for subsampled data:12632
Keys in data: 
['data', 'dihedrals', 'potential', 'kbT']
kbT value: 2.494338785445972
{'committor': array([0.99966234, 0.99949818, 0.99962879, ..., 1.        , 0.45456902,
       0.53892175]), 'epsilon': 0.0031999999999999997, 'rate': 0.0055532123310137755, 'rho_A': 0.6147269543187822}
epsilon = 0.0033
Keys in data:
['data', 'data_all_atom', 'dihedrals', 'potential', 'kbT', 'kbT_roomtemp', 'free_energy', 'biasFactor', 'biasWidth', 'height', 'frequency']
Data shape from trajectory:
(200000, 12)
kbT for data:2.494338785445972
kbT for room temperature:2.494338785445972
number of samples for subsampled data:12632
Keys in data: 
['data', 'dihedrals', 'potential', 'kbT']
kbT value: 2.494338785445972
{'committor': array([0.99964835, 0.99946561, 0.99960871, ..., 1.        , 0.45566583,
       0.54339793]), 'epsilon': 0.0033, 'rate': 0.006266622353771946, 'rho_A': 0.6143306233432997}
epsilon = 0.0034000000000000002
Keys in data:
['data', 'data_all_atom', 'dihedrals', 'potential', 'kbT', 'kbT_roomtemp', 'free_energy', 'biasFactor', 'biasWidth', 'height', 'frequency']
Data shape from trajectory:
(200000, 12)
kbT for data:2.494338785445972
kbT for room temperature:2.494338785445972
number of samples for subsampled data:12632
Keys in data: 
['data', 'dihedrals', 'potential', 'kbT']
kbT value: 2.494338785445972
{'committor': array([0.99963526, 0.99943339, 0.99958898, ..., 1.        , 0.45670611,
       0.54771282]), 'epsilon': 0.0034000000000000002, 'rate': 0.007014423423227598, 'rho_A': 0.613942232032495}
epsilon = 0.0035000000000000005
Keys in data:
['data', 'data_all_atom', 'dihedrals', 'potential', 'kbT', 'kbT_roomtemp', 'free_energy', 'biasFactor', 'biasWidth', 'height', 'frequency']
Data shape from trajectory:
(200000, 12)
kbT for data:2.494338785445972
kbT for room temperature:2.494338785445972
number of samples for subsampled data:12632
Keys in data: 
['data', 'dihedrals', 'potential', 'kbT']
kbT value: 2.494338785445972
{'committor': array([0.99962299, 0.99940159, 0.99956957, ..., 1.        , 0.45768033,
       0.55185992]), 'epsilon': 0.0035000000000000005, 'rate': 0.007793337889794889, 'rho_A': 0.613563555186007}
epsilon = 0.0036
Keys in data:
['data', 'data_all_atom', 'dihedrals', 'potential', 'kbT', 'kbT_roomtemp', 'free_energy', 'biasFactor', 'biasWidth', 'height', 'frequency']
Data shape from trajectory:
(200000, 12)
kbT for data:2.494338785445972
kbT for room temperature:2.494338785445972
number of samples for subsampled data:12632
Keys in data: 
['data', 'dihedrals', 'potential', 'kbT']
kbT value: 2.494338785445972
{'committor': array([0.99961148, 0.99937024, 0.99955043, ..., 1.        , 0.4585813 ,
       0.5558339 ]), 'epsilon': 0.0036, 'rate': 0.008600059328830734, 'rho_A': 0.6131961152676968}
epsilon = 0.0037
Keys in data:
['data', 'data_all_atom', 'dihedrals', 'potential', 'kbT', 'kbT_roomtemp', 'free_energy', 'biasFactor', 'biasWidth', 'height', 'frequency']
Data shape from trajectory:
(200000, 12)
kbT for data:2.494338785445972
kbT for room temperature:2.494338785445972
number of samples for subsampled data:12632
Keys in data: 
['data', 'dihedrals', 'potential', 'kbT']
kbT value: 2.494338785445972
{'committor': array([0.99960062, 0.99933933, 0.99953152, ..., 1.        , 0.45940402,
       0.55963068]), 'epsilon': 0.0037, 'rate': 0.009431315178022063, 'rho_A': 0.6128411585405045}
epsilon = 0.0038000000000000004
Keys in data:
['data', 'data_all_atom', 'dihedrals', 'potential', 'kbT', 'kbT_roomtemp', 'free_energy', 'biasFactor', 'biasWidth', 'height', 'frequency']
Data shape from trajectory:
(200000, 12)
kbT for data:2.494338785445972
kbT for room temperature:2.494338785445972
number of samples for subsampled data:12632
Keys in data: 
['data', 'dihedrals', 'potential', 'kbT']
kbT value: 2.494338785445972
{'committor': array([0.99959033, 0.99930887, 0.99951278, ..., 1.        , 0.46014544,
       0.56324747]), 'epsilon': 0.0038000000000000004, 'rate': 0.010283918066746969, 'rho_A': 0.6124996492875588}
epsilon = 0.0039
Keys in data:
['data', 'data_all_atom', 'dihedrals', 'potential', 'kbT', 'kbT_roomtemp', 'free_energy', 'biasFactor', 'biasWidth', 'height', 'frequency']
Data shape from trajectory:
(200000, 12)
kbT for data:2.494338785445972
kbT for room temperature:2.494338785445972
number of samples for subsampled data:12632
Keys in data: 
['data', 'dihedrals', 'potential', 'kbT']
kbT value: 2.494338785445972
{'committor': array([0.99958052, 0.99927882, 0.99949416, ..., 1.        , 0.46080426,
       0.5666828 ]), 'epsilon': 0.0039, 'rate': 0.011154806257816985, 'rho_A': 0.61217227810048}
epsilon = 0.004
Keys in data:
['data', 'data_all_atom', 'dihedrals', 'potential', 'kbT', 'kbT_roomtemp', 'free_energy', 'biasFactor', 'biasWidth', 'height', 'frequency']
Data shape from trajectory:
(200000, 12)
kbT for data:2.494338785445972
kbT for room temperature:2.494338785445972
number of samples for subsampled data:12632
Keys in data: 
['data', 'dihedrals', 'potential', 'kbT']
kbT value: 2.494338785445972
{'committor': array([0.99957112, 0.99924915, 0.99947561, ..., 1.        , 0.4613806 ,
       0.56993653]), 'epsilon': 0.004, 'rate': 0.012041073990889571, 'rho_A': 0.6118594804068472}
epsilon = 0.0041
Keys in data:
['data', 'data_all_atom', 'dihedrals', 'potential', 'kbT', 'kbT_roomtemp', 'free_energy', 'biasFactor', 'biasWidth', 'height', 'frequency']
Data shape from trajectory:
(200000, 12)
kbT for data:2.494338785445972
kbT for room temperature:2.494338785445972
number of samples for subsampled data:12632
Keys in data: 
['data', 'dihedrals', 'potential', 'kbT']
kbT value: 2.494338785445972
{'committor': array([0.99956203, 0.99921983, 0.9994571 , ..., 1.        , 0.46187577,
       0.57300977]), 'epsilon': 0.0041, 'rate': 0.012939992759427267, 'rho_A': 0.6115614617981288}
epsilon = 0.0042
Keys in data:
['data', 'data_all_atom', 'dihedrals', 'potential', 'kbT', 'kbT_roomtemp', 'free_energy', 'biasFactor', 'biasWidth', 'height', 'frequency']
Data shape from trajectory:
(200000, 12)
kbT for data:2.494338785445972
kbT for room temperature:2.494338785445972
number of samples for subsampled data:12632
Keys in data: 
['data', 'dihedrals', 'potential', 'kbT']
kbT value: 2.494338785445972
{'committor': array([0.9995532 , 0.99919082, 0.99943857, ..., 1.        , 0.462292  ,
       0.57590486]), 'epsilon': 0.0042, 'rate': 0.013849024692400663, 'rho_A': 0.6112782272305364}
epsilon = 0.0043
Keys in data:
['data', 'data_all_atom', 'dihedrals', 'potential', 'kbT', 'kbT_roomtemp', 'free_energy', 'biasFactor', 'biasWidth', 'height', 'frequency']
Data shape from trajectory:
(200000, 12)
kbT for data:2.494338785445972
kbT for room temperature:2.494338785445972
number of samples for subsampled data:12632
Keys in data: 
['data', 'dihedrals', 'potential', 'kbT']
kbT value: 2.494338785445972
{'committor': array([0.99954455, 0.99916206, 0.99942   , ..., 1.        , 0.46263222,
       0.57862516]), 'epsilon': 0.0043, 'rate': 0.014765829264861037, 'rho_A': 0.611009611731592}
epsilon = 0.0044
Keys in data:
['data', 'data_all_atom', 'dihedrals', 'potential', 'kbT', 'kbT_roomtemp', 'free_energy', 'biasFactor', 'biasWidth', 'height', 'frequency']
Data shape from trajectory:
(200000, 12)
kbT for data:2.494338785445972
kbT for room temperature:2.494338785445972
number of samples for subsampled data:12632
Keys in data: 
['data', 'dihedrals', 'potential', 'kbT']
kbT value: 2.494338785445972
{'committor': array([0.99953604, 0.99913351, 0.99940136, ..., 1.        , 0.46289988,
       0.58117504]), 'epsilon': 0.0044, 'rate': 0.01568826454613307, 'rho_A': 0.6107553108003462}
epsilon = 0.0045000000000000005
Keys in data:
['data', 'data_all_atom', 'dihedrals', 'potential', 'kbT', 'kbT_roomtemp', 'free_energy', 'biasFactor', 'biasWidth', 'height', 'frequency']
Data shape from trajectory:
(200000, 12)
kbT for data:2.494338785445972
kbT for room temperature:2.494338785445972
number of samples for subsampled data:12632
Keys in data: 
['data', 'dihedrals', 'potential', 'kbT']
kbT value: 2.494338785445972
{'committor': array([0.9995276 , 0.99910512, 0.99938262, ..., 1.        , 0.46309878,
       0.58355961]), 'epsilon': 0.0045000000000000005, 'rate': 0.016614384124226157, 'rho_A': 0.6105149092004672}
epsilon = 0.0046
Keys in data:
['data', 'data_all_atom', 'dihedrals', 'potential', 'kbT', 'kbT_roomtemp', 'free_energy', 'biasFactor', 'biasWidth', 'height', 'frequency']
Data shape from trajectory:
(200000, 12)
kbT for data:2.494338785445972
kbT for room temperature:2.494338785445972
number of samples for subsampled data:12632
Keys in data: 
['data', 'dihedrals', 'potential', 'kbT']
kbT value: 2.494338785445972
{'committor': array([0.99951921, 0.99907686, 0.99936376, ..., 1.        , 0.46323295,
       0.58578469]), 'epsilon': 0.0046, 'rate': 0.017542430740513308, 'rho_A': 0.6102879072887899}
epsilon = 0.0047
Keys in data:
['data', 'data_all_atom', 'dihedrals', 'potential', 'kbT', 'kbT_roomtemp', 'free_energy', 'biasFactor', 'biasWidth', 'height', 'frequency']
Data shape from trajectory:
(200000, 12)
kbT for data:2.494338785445972
kbT for room temperature:2.494338785445972
number of samples for subsampled data:12632
Keys in data: 
['data', 'dihedrals', 'potential', 'kbT']
kbT value: 2.494338785445972
{'committor': array([0.99951082, 0.99904869, 0.99934476, ..., 1.        , 0.46330651,
       0.58785655]), 'epsilon': 0.0047, 'rate': 0.018470827539539127, 'rho_A': 0.6100737443877028}
epsilon = 0.0048000000000000004
Keys in data:
['data', 'data_all_atom', 'dihedrals', 'potential', 'kbT', 'kbT_roomtemp', 'free_energy', 'biasFactor', 'biasWidth', 'height', 'frequency']
Data shape from trajectory:
(200000, 12)
kbT for data:2.494338785445972
kbT for room temperature:2.494338785445972
number of samples for subsampled data:12632
Keys in data: 
['data', 'dihedrals', 'potential', 'kbT']
kbT value: 2.494338785445972
{'committor': array([0.99950239, 0.99902056, 0.99932561, ..., 1.        , 0.46332362,
       0.58978186]), 'epsilon': 0.0048000000000000004, 'rate': 0.019398167702271426, 'rho_A': 0.609871818995554}
epsilon = 0.0049
Keys in data:
['data', 'data_all_atom', 'dihedrals', 'potential', 'kbT', 'kbT_roomtemp', 'free_energy', 'biasFactor', 'biasWidth', 'height', 'frequency']
Data shape from trajectory:
(200000, 12)
kbT for data:2.494338785445972
kbT for room temperature:2.494338785445972
number of samples for subsampled data:12632
Keys in data: 
['data', 'dihedrals', 'potential', 'kbT']
kbT value: 2.494338785445972
{'committor': array([0.99949391, 0.99899244, 0.99930629, ..., 1.        , 0.46328838,
       0.59156752]), 'epsilon': 0.0049, 'rate': 0.020323203095137875, 'rho_A': 0.6096815058417178}
Now saving...
Save finished!
