nohup: ignoring input
Starting trials...
epsilon = 0.0009
Keys in data:
['data', 'data_all_atom', 'dihedrals', 'potential', 'kbT', 'kbT_roomtemp', 'free_energy', 'biasFactor', 'biasWidth', 'height', 'frequency']
Data shape from trajectory:
(200000, 12)
kbT for data:2.494338785445972
kbT for room temperature:2.494338785445972
number of samples for subsampled data:12500
Keys in data: 
['data', 'dihedrals', 'potential', 'kbT']
kbT value: 2.494338785445972
{'committor': array([1.45770401e+13, 8.04069313e-01, 9.45746771e-01, ...,
       9.97950962e-01, 1.00000000e+00, 9.99130109e-01]), 'epsilon': 0.0009, 'rate': 1.5526542683624056e+20, 'rho_A': 0.7282365777705517}
epsilon = 0.001
Keys in data:
['data', 'data_all_atom', 'dihedrals', 'potential', 'kbT', 'kbT_roomtemp', 'free_energy', 'biasFactor', 'biasWidth', 'height', 'frequency']
Data shape from trajectory:
(200000, 12)
kbT for data:2.494338785445972
kbT for room temperature:2.494338785445972
number of samples for subsampled data:12500
Keys in data: 
['data', 'dihedrals', 'potential', 'kbT']
kbT value: 2.494338785445972
{'committor': array([-1.19598917e+04,  8.27696630e-01,  9.42173606e-01, ...,
        9.97553659e-01,  1.00000000e+00,  9.98681715e-01]), 'epsilon': 0.001, 'rate': 1.7733658944798347e+19, 'rho_A': 0.6649066345774024}
epsilon = 0.0011
Keys in data:
['data', 'data_all_atom', 'dihedrals', 'potential', 'kbT', 'kbT_roomtemp', 'free_energy', 'biasFactor', 'biasWidth', 'height', 'frequency']
Data shape from trajectory:
(200000, 12)
kbT for data:2.494338785445972
kbT for room temperature:2.494338785445972
number of samples for subsampled data:12500
Keys in data: 
['data', 'dihedrals', 'potential', 'kbT']
kbT value: 2.494338785445972
{'committor': array([-5.90651632e+03,  8.43944799e-01,  9.38626161e-01, ...,
        9.99984355e-01,  1.00000000e+00,  9.99992147e-01]), 'epsilon': 0.0011, 'rate': 4.458485489313758e+17, 'rho_A': 0.656471750917356}
epsilon = 0.0012000000000000001
Keys in data:
['data', 'data_all_atom', 'dihedrals', 'potential', 'kbT', 'kbT_roomtemp', 'free_energy', 'biasFactor', 'biasWidth', 'height', 'frequency']
Data shape from trajectory:
(200000, 12)
kbT for data:2.494338785445972
kbT for room temperature:2.494338785445972
number of samples for subsampled data:12500
Keys in data: 
['data', 'dihedrals', 'potential', 'kbT']
kbT value: 2.494338785445972
{'committor': array([-3.13063381e+03,  8.53400344e-01,  9.35309453e-01, ...,
        9.99977159e-01,  1.00000000e+00,  9.99988069e-01]), 'epsilon': 0.0012000000000000001, 'rate': 2.0589331650747236e+16, 'rho_A': 0.654916080935946}
epsilon = 0.0013
Keys in data:
['data', 'data_all_atom', 'dihedrals', 'potential', 'kbT', 'kbT_roomtemp', 'free_energy', 'biasFactor', 'biasWidth', 'height', 'frequency']
Data shape from trajectory:
(200000, 12)
kbT for data:2.494338785445972
kbT for room temperature:2.494338785445972
number of samples for subsampled data:12500
Keys in data: 
['data', 'dihedrals', 'potential', 'kbT']
kbT value: 2.494338785445972
{'committor': array([-1.86827291e+03,  8.58059417e-01,  9.32332551e-01, ...,
        9.99969581e-01,  1.00000000e+00,  9.99983399e-01]), 'epsilon': 0.0013, 'rate': 1598981844968655.8, 'rho_A': 0.6544410204863405}
epsilon = 0.0014
Keys in data:
['data', 'data_all_atom', 'dihedrals', 'potential', 'kbT', 'kbT_roomtemp', 'free_energy', 'biasFactor', 'biasWidth', 'height', 'frequency']
Data shape from trajectory:
(200000, 12)
kbT for data:2.494338785445972
kbT for room temperature:2.494338785445972
number of samples for subsampled data:12500
Keys in data: 
['data', 'dihedrals', 'potential', 'kbT']
kbT value: 2.494338785445972
{'committor': array([-1.19329371e+03,  8.59772734e-01,  9.29762966e-01, ...,
        9.99961986e-01,  1.00000000e+00,  9.99978338e-01]), 'epsilon': 0.0014, 'rate': 177954997711665.6, 'rho_A': 0.6538731612493901}
epsilon = 0.0015
Keys in data:
['data', 'data_all_atom', 'dihedrals', 'potential', 'kbT', 'kbT_roomtemp', 'free_energy', 'biasFactor', 'biasWidth', 'height', 'frequency']
Data shape from trajectory:
(200000, 12)
kbT for data:2.494338785445972
kbT for room temperature:2.494338785445972
number of samples for subsampled data:12500
Keys in data: 
['data', 'dihedrals', 'potential', 'kbT']
kbT value: 2.494338785445972
{'committor': array([-801.16392822,    0.85987178,    0.92764172, ...,    0.99995452,
          1.        ,    0.99997302]), 'epsilon': 0.0015, 'rate': 26178026593181.25, 'rho_A': 0.6532265172786246}
epsilon = 0.0015999999999999999
Keys in data:
['data', 'data_all_atom', 'dihedrals', 'potential', 'kbT', 'kbT_roomtemp', 'free_energy', 'biasFactor', 'biasWidth', 'height', 'frequency']
Data shape from trajectory:
(200000, 12)
kbT for data:2.494338785445972
kbT for room temperature:2.494338785445972
number of samples for subsampled data:12500
Keys in data: 
['data', 'dihedrals', 'potential', 'kbT']
kbT value: 2.494338785445972
{'committor': array([0.99950044, 0.85922871, 0.92598395, ..., 0.99994715, 1.        ,
       0.99996753]), 'epsilon': 0.0015999999999999999, 'rate': 0.015414641937154106, 'rho_A': 0.652367619166811}
epsilon = 0.0017000000000000001
Keys in data:
['data', 'data_all_atom', 'dihedrals', 'potential', 'kbT', 'kbT_roomtemp', 'free_energy', 'biasFactor', 'biasWidth', 'height', 'frequency']
Data shape from trajectory:
(200000, 12)
kbT for data:2.494338785445972
kbT for room temperature:2.494338785445972
number of samples for subsampled data:12500
Keys in data: 
['data', 'dihedrals', 'potential', 'kbT']
kbT value: 2.494338785445972
{'committor': array([0.99946199, 0.85838416, 0.9247778 , ..., 0.99993977, 1.        ,
       0.99996185]), 'epsilon': 0.0017000000000000001, 'rate': 0.019819312690732838, 'rho_A': 0.6515727007579304}
epsilon = 0.0018
Keys in data:
['data', 'data_all_atom', 'dihedrals', 'potential', 'kbT', 'kbT_roomtemp', 'free_energy', 'biasFactor', 'biasWidth', 'height', 'frequency']
Data shape from trajectory:
(200000, 12)
kbT for data:2.494338785445972
kbT for room temperature:2.494338785445972
number of samples for subsampled data:12500
Keys in data: 
['data', 'dihedrals', 'potential', 'kbT']
kbT value: 2.494338785445972
{'committor': array([0.99942216, 0.85765501, 0.92399073, ..., 0.99993223, 1.        ,
       0.99995599]), 'epsilon': 0.0018, 'rate': 0.024771946443815727, 'rho_A': 0.6507202319984045}
epsilon = 0.0019
Keys in data:
['data', 'data_all_atom', 'dihedrals', 'potential', 'kbT', 'kbT_roomtemp', 'free_energy', 'biasFactor', 'biasWidth', 'height', 'frequency']
Data shape from trajectory:
(200000, 12)
kbT for data:2.494338785445972
kbT for room temperature:2.494338785445972
number of samples for subsampled data:12500
Keys in data: 
['data', 'dihedrals', 'potential', 'kbT']
kbT value: 2.494338785445972
{'committor': array([0.99937978, 0.85720907, 0.92357478, ..., 0.99992437, 1.        ,
       0.99994988]), 'epsilon': 0.0019, 'rate': 0.030218384462841835, 'rho_A': 0.6498209850180438}
epsilon = 0.002
Keys in data:
['data', 'data_all_atom', 'dihedrals', 'potential', 'kbT', 'kbT_roomtemp', 'free_energy', 'biasFactor', 'biasWidth', 'height', 'frequency']
Data shape from trajectory:
(200000, 12)
kbT for data:2.494338785445972
kbT for room temperature:2.494338785445972
number of samples for subsampled data:12500
Keys in data: 
['data', 'dihedrals', 'potential', 'kbT']
kbT value: 2.494338785445972
{'committor': array([0.99933379, 0.85711762, 0.92347361, ..., 0.99991607, 1.        ,
       0.99994347]), 'epsilon': 0.002, 'rate': 0.03609494313846168, 'rho_A': 0.648886537330221}
epsilon = 0.0021000000000000003
Keys in data:
['data', 'data_all_atom', 'dihedrals', 'potential', 'kbT', 'kbT_roomtemp', 'free_energy', 'biasFactor', 'biasWidth', 'height', 'frequency']
Data shape from trajectory:
(200000, 12)
kbT for data:2.494338785445972
kbT for room temperature:2.494338785445972
number of samples for subsampled data:12500
Keys in data: 
['data', 'dihedrals', 'potential', 'kbT']
kbT value: 2.494338785445972
{'committor': array([0.99928338, 0.85739156, 0.92362832, ..., 0.99990723, 1.        ,
       0.99993673]), 'epsilon': 0.0021000000000000003, 'rate': 0.04233299286072107, 'rho_A': 0.6479286947403196}
epsilon = 0.0022
Keys in data:
['data', 'data_all_atom', 'dihedrals', 'potential', 'kbT', 'kbT_roomtemp', 'free_energy', 'biasFactor', 'biasWidth', 'height', 'frequency']
Data shape from trajectory:
(200000, 12)
kbT for data:2.494338785445972
kbT for room temperature:2.494338785445972
number of samples for subsampled data:12500
Keys in data: 
['data', 'dihedrals', 'potential', 'kbT']
kbT value: 2.494338785445972
{'committor': array([0.99922793, 0.85800599, 0.92398182, ..., 0.99989777, 1.        ,
       0.99992961]), 'epsilon': 0.0022, 'rate': 0.048862784159041155, 'rho_A': 0.646958932955945}
epsilon = 0.0023
Keys in data:
['data', 'data_all_atom', 'dihedrals', 'potential', 'kbT', 'kbT_roomtemp', 'free_energy', 'biasFactor', 'biasWidth', 'height', 'frequency']
Data shape from trajectory:
(200000, 12)
kbT for data:2.494338785445972
kbT for room temperature:2.494338785445972
number of samples for subsampled data:12500
Keys in data: 
['data', 'dihedrals', 'potential', 'kbT']
kbT value: 2.494338785445972
{'committor': array([0.99916706, 0.85891687, 0.92448177, ..., 0.99988765, 1.        ,
       0.99992208]), 'epsilon': 0.0023, 'rate': 0.05561637658764431, 'rho_A': 0.6459879248808559}
epsilon = 0.0024000000000000002
Keys in data:
['data', 'data_all_atom', 'dihedrals', 'potential', 'kbT', 'kbT_roomtemp', 'free_energy', 'biasFactor', 'biasWidth', 'height', 'frequency']
Data shape from trajectory:
(200000, 12)
kbT for data:2.494338785445972
kbT for room temperature:2.494338785445972
number of samples for subsampled data:12500
Keys in data: 
['data', 'dihedrals', 'potential', 'kbT']
kbT value: 2.494338785445972
{'committor': array([0.99910059, 0.86007191, 0.92508232, ..., 0.99987685, 1.        ,
       0.99991413]), 'epsilon': 0.0024000000000000002, 'rate': 0.06252970970871055, 'rho_A': 0.6450252037469878}
epsilon = 0.0025
Keys in data:
['data', 'data_all_atom', 'dihedrals', 'potential', 'kbT', 'kbT_roomtemp', 'free_energy', 'biasFactor', 'biasWidth', 'height', 'frequency']
Data shape from trajectory:
(200000, 12)
kbT for data:2.494338785445972
kbT for room temperature:2.494338785445972
number of samples for subsampled data:12500
Keys in data: 
['data', 'dihedrals', 'potential', 'kbT']
kbT value: 2.494338785445972
{'committor': array([0.99902851, 0.86141749, 0.92574483, ..., 0.99986536, 1.        ,
       0.99990574]), 'epsilon': 0.0025, 'rate': 0.06954394522911361, 'rho_A': 0.6440789603625392}
epsilon = 0.0026
Keys in data:
['data', 'data_all_atom', 'dihedrals', 'potential', 'kbT', 'kbT_roomtemp', 'free_energy', 'biasFactor', 'biasWidth', 'height', 'frequency']
Data shape from trajectory:
(200000, 12)
kbT for data:2.494338785445972
kbT for room temperature:2.494338785445972
number of samples for subsampled data:12500
Keys in data: 
['data', 'dihedrals', 'potential', 'kbT']
kbT value: 2.494338785445972
{'committor': array([0.99895092, 0.86290287, 0.92643791, ..., 0.99985321, 1.        ,
       0.99989693]), 'epsilon': 0.0026, 'rate': 0.07660623201689691, 'rho_A': 0.6431559642964144}
epsilon = 0.0027
Keys in data:
['data', 'data_all_atom', 'dihedrals', 'potential', 'kbT', 'kbT_roomtemp', 'free_energy', 'biasFactor', 'biasWidth', 'height', 'frequency']
Data shape from trajectory:
(200000, 12)
kbT for data:2.494338785445972
kbT for room temperature:2.494338785445972
number of samples for subsampled data:12500
Keys in data: 
['data', 'dihedrals', 'potential', 'kbT']
kbT value: 2.494338785445972
{'committor': array([0.99886803, 0.86448254, 0.92713694, ..., 0.9998404 , 1.        ,
       0.99988771]), 'epsilon': 0.0027, 'rate': 0.08367003386216873, 'rho_A': 0.6422615831328158}
epsilon = 0.0028
Keys in data:
['data', 'data_all_atom', 'dihedrals', 'potential', 'kbT', 'kbT_roomtemp', 'free_energy', 'biasFactor', 'biasWidth', 'height', 'frequency']
Data shape from trajectory:
(200000, 12)
kbT for data:2.494338785445972
kbT for room temperature:2.494338785445972
number of samples for subsampled data:12500
Keys in data: 
['data', 'dihedrals', 'potential', 'kbT']
kbT value: 2.494338785445972
{'committor': array([0.99878013, 0.86611726, 0.92782329, ..., 0.99982698, 1.        ,
       0.9998781 ]), 'epsilon': 0.0028, 'rate': 0.0906951364679949, 'rho_A': 0.6413998718510118}
epsilon = 0.0029
Keys in data:
['data', 'data_all_atom', 'dihedrals', 'potential', 'kbT', 'kbT_roomtemp', 'free_energy', 'biasFactor', 'biasWidth', 'height', 'frequency']
Data shape from trajectory:
(200000, 12)
kbT for data:2.494338785445972
kbT for room temperature:2.494338785445972
number of samples for subsampled data:12500
Keys in data: 
['data', 'dihedrals', 'potential', 'kbT']
kbT value: 2.494338785445972
{'committor': array([0.99868755, 0.86777429, 0.92848343, ..., 0.99981297, 1.        ,
       0.99986813]), 'epsilon': 0.0029, 'rate': 0.09764742678027367, 'rho_A': 0.6405737061530157}
epsilon = 0.003
Keys in data:
['data', 'data_all_atom', 'dihedrals', 'potential', 'kbT', 'kbT_roomtemp', 'free_energy', 'biasFactor', 'biasWidth', 'height', 'frequency']
Data shape from trajectory:
(200000, 12)
kbT for data:2.494338785445972
kbT for room temperature:2.494338785445972
number of samples for subsampled data:12500
Keys in data: 
['data', 'dihedrals', 'potential', 'kbT']
kbT value: 2.494338785445972
{'committor': array([0.99859066, 0.86942711, 0.92910806, ..., 0.99979839, 1.        ,
       0.9998578 ]), 'epsilon': 0.003, 'rate': 0.10449851810324443, 'rho_A': 0.6397849378375012}
epsilon = 0.0031000000000000003
Keys in data:
['data', 'data_all_atom', 'dihedrals', 'potential', 'kbT', 'kbT_roomtemp', 'free_energy', 'biasFactor', 'biasWidth', 'height', 'frequency']
Data shape from trajectory:
(200000, 12)
kbT for data:2.494338785445972
kbT for room temperature:2.494338785445972
number of samples for subsampled data:12500
Keys in data: 
['data', 'dihedrals', 'potential', 'kbT']
kbT value: 2.494338785445972
{'committor': array([0.99848984, 0.87105488, 0.92969123, ..., 0.99978328, 1.        ,
       0.99984716]), 'epsilon': 0.0031000000000000003, 'rate': 0.11122527865811072, 'rho_A': 0.6390345558519439}
epsilon = 0.0031999999999999997
Keys in data:
['data', 'data_all_atom', 'dihedrals', 'potential', 'kbT', 'kbT_roomtemp', 'free_energy', 'biasFactor', 'biasWidth', 'height', 'frequency']
Data shape from trajectory:
(200000, 12)
kbT for data:2.494338785445972
kbT for room temperature:2.494338785445972
number of samples for subsampled data:12500
Keys in data: 
['data', 'dihedrals', 'potential', 'kbT']
kbT value: 2.494338785445972
{'committor': array([0.99838549, 0.87264173, 0.93022956, ..., 0.99976766, 1.        ,
       0.99983622]), 'epsilon': 0.0031999999999999997, 'rate': 0.11780930843311507, 'rho_A': 0.6383228416473735}
epsilon = 0.0033
Keys in data:
['data', 'data_all_atom', 'dihedrals', 'potential', 'kbT', 'kbT_roomtemp', 'free_energy', 'biasFactor', 'biasWidth', 'height', 'frequency']
Data shape from trajectory:
(200000, 12)
kbT for data:2.494338785445972
kbT for room temperature:2.494338785445972
number of samples for subsampled data:12500
Keys in data: 
['data', 'dihedrals', 'potential', 'kbT']
kbT value: 2.494338785445972
{'committor': array([0.998278  , 0.87417596, 0.93072168, ..., 0.99975154, 1.        ,
       0.99982499]), 'epsilon': 0.0033, 'rate': 0.12423639852594293, 'rho_A': 0.6376495118687057}
epsilon = 0.0034000000000000002
Keys in data:
['data', 'data_all_atom', 'dihedrals', 'potential', 'kbT', 'kbT_roomtemp', 'free_energy', 'biasFactor', 'biasWidth', 'height', 'frequency']
Data shape from trajectory:
(200000, 12)
kbT for data:2.494338785445972
kbT for room temperature:2.494338785445972
number of samples for subsampled data:12500
Keys in data: 
['data', 'dihedrals', 'potential', 'kbT']
kbT value: 2.494338785445972
{'committor': array([0.99816776, 0.87564939, 0.93116765, ..., 0.99973493, 1.        ,
       0.9998135 ]), 'epsilon': 0.0034000000000000002, 'rate': 0.13049599819725877, 'rho_A': 0.6370138446825677}
epsilon = 0.0035000000000000005
Keys in data:
['data', 'data_all_atom', 'dihedrals', 'potential', 'kbT', 'kbT_roomtemp', 'free_energy', 'biasFactor', 'biasWidth', 'height', 'frequency']
Data shape from trajectory:
(200000, 12)
kbT for data:2.494338785445972
kbT for room temperature:2.494338785445972
number of samples for subsampled data:12500
Keys in data: 
['data', 'dihedrals', 'potential', 'kbT']
kbT value: 2.494338785445972
{'committor': array([0.99805514, 0.87705663, 0.93156853, ..., 0.99971782, 1.        ,
       0.99980174]), 'epsilon': 0.0035000000000000005, 'rate': 0.1365807073083486, 'rho_A': 0.6364147884403659}
epsilon = 0.0036
Keys in data:
['data', 'data_all_atom', 'dihedrals', 'potential', 'kbT', 'kbT_roomtemp', 'free_energy', 'biasFactor', 'biasWidth', 'height', 'frequency']
Data shape from trajectory:
(200000, 12)
kbT for data:2.494338785445972
kbT for room temperature:2.494338785445972
number of samples for subsampled data:12500
Keys in data: 
['data', 'dihedrals', 'potential', 'kbT']
kbT value: 2.494338785445972
{'committor': array([0.99794047, 0.87839455, 0.9319261 , ..., 0.99970023, 1.        ,
       0.99978974]), 'epsilon': 0.0036, 'rate': 0.14248580558177595, 'rho_A': 0.6358510529459336}
epsilon = 0.0037
Keys in data:
['data', 'data_all_atom', 'dihedrals', 'potential', 'kbT', 'kbT_roomtemp', 'free_energy', 'biasFactor', 'biasWidth', 'height', 'frequency']
Data shape from trajectory:
(200000, 12)
kbT for data:2.494338785445972
kbT for room temperature:2.494338785445972
number of samples for subsampled data:12500
Keys in data: 
['data', 'dihedrals', 'potential', 'kbT']
kbT value: 2.494338785445972
{'committor': array([0.99782409, 0.87966175, 0.93224258, ..., 0.99968214, 1.        ,
       0.99977748]), 'epsilon': 0.0037, 'rate': 0.14820882515522565, 'rho_A': 0.6353211845488143}
epsilon = 0.0038000000000000004
Keys in data:
['data', 'data_all_atom', 'dihedrals', 'potential', 'kbT', 'kbT_roomtemp', 'free_energy', 'biasFactor', 'biasWidth', 'height', 'frequency']
Data shape from trajectory:
(200000, 12)
kbT for data:2.494338785445972
kbT for room temperature:2.494338785445972
number of samples for subsampled data:12500
Keys in data: 
['data', 'dihedrals', 'potential', 'kbT']
kbT value: 2.494338785445972
{'committor': array([0.99770629, 0.88085818, 0.93252043, ..., 0.99966353, 1.        ,
       0.99976497]), 'epsilon': 0.0038000000000000004, 'rate': 0.15374916908029773, 'rho_A': 0.6348236267873648}
epsilon = 0.0039
Keys in data:
['data', 'data_all_atom', 'dihedrals', 'potential', 'kbT', 'kbT_roomtemp', 'free_energy', 'biasFactor', 'biasWidth', 'height', 'frequency']
Data shape from trajectory:
(200000, 12)
kbT for data:2.494338785445972
kbT for room temperature:2.494338785445972
number of samples for subsampled data:12500
Keys in data: 
['data', 'dihedrals', 'potential', 'kbT']
kbT value: 2.494338785445972
{'committor': array([0.99758734, 0.88198476, 0.93276223, ..., 0.99964439, 1.        ,
       0.99975221]), 'epsilon': 0.0039, 'rate': 0.15910777563931752, 'rho_A': 0.6343567684947401}
epsilon = 0.004
Keys in data:
['data', 'data_all_atom', 'dihedrals', 'potential', 'kbT', 'kbT_roomtemp', 'free_energy', 'biasFactor', 'biasWidth', 'height', 'frequency']
Data shape from trajectory:
(200000, 12)
kbT for data:2.494338785445972
kbT for room temperature:2.494338785445972
number of samples for subsampled data:12500
Keys in data: 
['data', 'dihedrals', 'potential', 'kbT']
kbT value: 2.494338785445972
{'committor': array([0.99746749, 0.88304314, 0.93297058, ..., 0.9996247 , 1.        ,
       0.99973918]), 'epsilon': 0.004, 'rate': 0.16428682646177487, 'rho_A': 0.6339189812745588}
epsilon = 0.0041
Keys in data:
['data', 'data_all_atom', 'dihedrals', 'potential', 'kbT', 'kbT_roomtemp', 'free_energy', 'biasFactor', 'biasWidth', 'height', 'frequency']
Data shape from trajectory:
(200000, 12)
kbT for data:2.494338785445972
kbT for room temperature:2.494338785445972
number of samples for subsampled data:12500
Keys in data: 
['data', 'dihedrals', 'potential', 'kbT']
kbT value: 2.494338785445972
{'committor': array([0.99734695, 0.88403549, 0.93314803, ..., 0.99960445, 1.        ,
       0.99972588]), 'epsilon': 0.0041, 'rate': 0.16928949524040768, 'rho_A': 0.6335086481263127}
epsilon = 0.0042
Keys in data:
['data', 'data_all_atom', 'dihedrals', 'potential', 'kbT', 'kbT_roomtemp', 'free_energy', 'biasFactor', 'biasWidth', 'height', 'frequency']
Data shape from trajectory:
(200000, 12)
kbT for data:2.494338785445972
kbT for room temperature:2.494338785445972
number of samples for subsampled data:12500
Keys in data: 
['data', 'dihedrals', 'potential', 'kbT']
kbT value: 2.494338785445972
{'committor': array([0.9972259 , 0.88496431, 0.93329701, ..., 0.99958361, 1.        ,
       0.99971231]), 'epsilon': 0.0042, 'rate': 0.17411973322372165, 'rho_A': 0.6331241848159299}
epsilon = 0.0043
Keys in data:
['data', 'data_all_atom', 'dihedrals', 'potential', 'kbT', 'kbT_roomtemp', 'free_energy', 'biasFactor', 'biasWidth', 'height', 'frequency']
Data shape from trajectory:
(200000, 12)
kbT for data:2.494338785445972
kbT for room temperature:2.494338785445972
number of samples for subsampled data:12500
Keys in data: 
['data', 'dihedrals', 'potential', 'kbT']
kbT value: 2.494338785445972
{'committor': array([0.99710451, 0.8858323 , 0.93341983, ..., 0.99956216, 1.        ,
       0.99969845]), 'epsilon': 0.0043, 'rate': 0.1787820874403235, 'rho_A': 0.6327640553788463}
epsilon = 0.0044
Keys in data:
['data', 'data_all_atom', 'dihedrals', 'potential', 'kbT', 'kbT_roomtemp', 'free_energy', 'biasFactor', 'biasWidth', 'height', 'frequency']
Data shape from trajectory:
(200000, 12)
kbT for data:2.494338785445972
kbT for room temperature:2.494338785445972
number of samples for subsampled data:12500
Keys in data: 
['data', 'dihedrals', 'potential', 'kbT']
kbT value: 2.494338785445972
{'committor': array([0.99698292, 0.88664229, 0.93351864, ..., 0.99954009, 1.        ,
       0.99968429]), 'epsilon': 0.0044, 'rate': 0.18328154766241542, 'rho_A': 0.6324267829347971}
epsilon = 0.0045000000000000005
Keys in data:
['data', 'data_all_atom', 'dihedrals', 'potential', 'kbT', 'kbT_roomtemp', 'free_energy', 'biasFactor', 'biasWidth', 'height', 'frequency']
Data shape from trajectory:
(200000, 12)
kbT for data:2.494338785445972
kbT for room temperature:2.494338785445972
number of samples for subsampled data:12500
Keys in data: 
['data', 'dihedrals', 'potential', 'kbT']
kbT value: 2.494338785445972
{'committor': array([0.99686124, 0.88739714, 0.93359546, ..., 0.99951737, 1.        ,
       0.99966983]), 'epsilon': 0.0045000000000000005, 'rate': 0.18762341834569782, 'rho_A': 0.6321109568014401}
epsilon = 0.0046
Keys in data:
['data', 'data_all_atom', 'dihedrals', 'potential', 'kbT', 'kbT_roomtemp', 'free_energy', 'biasFactor', 'biasWidth', 'height', 'frequency']
Data shape from trajectory:
(200000, 12)
kbT for data:2.494338785445972
kbT for room temperature:2.494338785445972
number of samples for subsampled data:12500
Keys in data: 
['data', 'dihedrals', 'potential', 'kbT']
kbT value: 2.494338785445972
{'committor': array([0.99673957, 0.88809969, 0.93365212, ..., 0.99949399, 1.        ,
       0.99965506]), 'epsilon': 0.0046, 'rate': 0.191813212106084, 'rho_A': 0.6318152367194378}
epsilon = 0.0047
Keys in data:
['data', 'data_all_atom', 'dihedrals', 'potential', 'kbT', 'kbT_roomtemp', 'free_energy', 'biasFactor', 'biasWidth', 'height', 'frequency']
Data shape from trajectory:
(200000, 12)
kbT for data:2.494338785445972
kbT for room temperature:2.494338785445972
number of samples for subsampled data:12500
Keys in data: 
['data', 'dihedrals', 'potential', 'kbT']
kbT value: 2.494338785445972
{'committor': array([0.99661799, 0.88875273, 0.93369032, ..., 0.99946993, 1.        ,
       0.99963996]), 'epsilon': 0.0047, 'rate': 0.19585656165900459, 'rho_A': 0.6315383548538308}
epsilon = 0.0048000000000000004
Keys in data:
['data', 'data_all_atom', 'dihedrals', 'potential', 'kbT', 'kbT_roomtemp', 'free_energy', 'biasFactor', 'biasWidth', 'height', 'frequency']
Data shape from trajectory:
(200000, 12)
kbT for data:2.494338785445972
kbT for room temperature:2.494338785445972
number of samples for subsampled data:12500
Keys in data: 
['data', 'dihedrals', 'potential', 'kbT']
kbT value: 2.494338785445972
{'committor': array([0.99649657, 0.88935896, 0.9337116 , ..., 0.99944517, 1.        ,
       0.99962454]), 'epsilon': 0.0048000000000000004, 'rate': 0.1997591475199608, 'rho_A': 0.631279116107524}
epsilon = 0.0049
Keys in data:
['data', 'data_all_atom', 'dihedrals', 'potential', 'kbT', 'kbT_roomtemp', 'free_energy', 'biasFactor', 'biasWidth', 'height', 'frequency']
Data shape from trajectory:
(200000, 12)
kbT for data:2.494338785445972
kbT for room temperature:2.494338785445972
number of samples for subsampled data:12500
Keys in data: 
['data', 'dihedrals', 'potential', 'kbT']
kbT value: 2.494338785445972
{'committor': array([0.99637534, 0.88992099, 0.93371737, ..., 0.99941971, 1.        ,
       0.99960877]), 'epsilon': 0.0049, 'rate': 0.20352663911346233, 'rho_A': 0.6310363971769862}
Now saving...
Save finished!
