/home/ssule25/miniconda3/lib/python3.9/site-packages/scipy/sparse/linalg/dsolve/linsolve.py:206: MatrixRankWarning: Matrix is exactly singular
  warn("Matrix is exactly singular", MatrixRankWarning)
/home/ssule25/miniconda3/lib/python3.9/site-packages/scipy/sparse/linalg/dsolve/linsolve.py:206: MatrixRankWarning: Matrix is exactly singular
  warn("Matrix is exactly singular", MatrixRankWarning)
/home/ssule25/miniconda3/lib/python3.9/site-packages/scipy/sparse/linalg/dsolve/linsolve.py:206: MatrixRankWarning: Matrix is exactly singular
  warn("Matrix is exactly singular", MatrixRankWarning)
/home/ssule25/miniconda3/lib/python3.9/site-packages/scipy/sparse/linalg/dsolve/linsolve.py:206: MatrixRankWarning: Matrix is exactly singular
  warn("Matrix is exactly singular", MatrixRankWarning)
/home/ssule25/miniconda3/lib/python3.9/site-packages/scipy/sparse/linalg/dsolve/linsolve.py:206: MatrixRankWarning: Matrix is exactly singular
  warn("Matrix is exactly singular", MatrixRankWarning)
/home/ssule25/miniconda3/lib/python3.9/site-packages/scipy/sparse/linalg/dsolve/linsolve.py:206: MatrixRankWarning: Matrix is exactly singular
  warn("Matrix is exactly singular", MatrixRankWarning)
/home/ssule25/miniconda3/lib/python3.9/site-packages/scipy/sparse/linalg/dsolve/linsolve.py:206: MatrixRankWarning: Matrix is exactly singular
  warn("Matrix is exactly singular", MatrixRankWarning)
/home/ssule25/miniconda3/lib/python3.9/site-packages/scipy/sparse/linalg/dsolve/linsolve.py:206: MatrixRankWarning: Matrix is exactly singular
  warn("Matrix is exactly singular", MatrixRankWarning)
/home/ssule25/miniconda3/lib/python3.9/site-packages/scipy/sparse/linalg/dsolve/linsolve.py:206: MatrixRankWarning: Matrix is exactly singular
  warn("Matrix is exactly singular", MatrixRankWarning)
/home/ssule25/miniconda3/lib/python3.9/site-packages/scipy/sparse/linalg/dsolve/linsolve.py:206: MatrixRankWarning: Matrix is exactly singular
  warn("Matrix is exactly singular", MatrixRankWarning)
/home/ssule25/miniconda3/lib/python3.9/site-packages/scipy/sparse/linalg/dsolve/linsolve.py:206: MatrixRankWarning: Matrix is exactly singular
  warn("Matrix is exactly singular", MatrixRankWarning)
/home/ssule25/miniconda3/lib/python3.9/site-packages/scipy/sparse/linalg/dsolve/linsolve.py:206: MatrixRankWarning: Matrix is exactly singular
  warn("Matrix is exactly singular", MatrixRankWarning)
/home/ssule25/miniconda3/lib/python3.9/site-packages/scipy/sparse/linalg/dsolve/linsolve.py:206: MatrixRankWarning: Matrix is exactly singular
  warn("Matrix is exactly singular", MatrixRankWarning)
/home/ssule25/miniconda3/lib/python3.9/site-packages/scipy/sparse/linalg/dsolve/linsolve.py:206: MatrixRankWarning: Matrix is exactly singular
  warn("Matrix is exactly singular", MatrixRankWarning)
/home/ssule25/miniconda3/lib/python3.9/site-packages/scipy/sparse/linalg/dsolve/linsolve.py:206: MatrixRankWarning: Matrix is exactly singular
  warn("Matrix is exactly singular", MatrixRankWarning)
/home/ssule25/miniconda3/lib/python3.9/site-packages/scipy/sparse/linalg/dsolve/linsolve.py:206: MatrixRankWarning: Matrix is exactly singular
  warn("Matrix is exactly singular", MatrixRankWarning)
/home/ssule25/Documents/TMDmaps/Twowell/helpers.py:33: RuntimeWarning: overflow encountered in square
  output = np.sqrt((1./N)*np.sum((approx - truth)**2))
/home/ssule25/Documents/TMDmaps/Twowell/helpers.py:33: RuntimeWarning: overflow encountered in square
  output = np.sqrt((1./N)*np.sum((approx - truth)**2))
/home/ssule25/miniconda3/lib/python3.9/site-packages/scipy/sparse/linalg/dsolve/linsolve.py:206: MatrixRankWarning: Matrix is exactly singular
  warn("Matrix is exactly singular", MatrixRankWarning)
gibbs
Data checks out. Computing now...
Computing for parameters:  3.814697265625e-06 1e-06 1497 1...
nan nan
Computing for parameters:  3.814697265625e-06 0.011112 1497 1...
nan nan
Computing for parameters:  3.814697265625e-06 0.022223000000000003 1497 1...
nan nan
Computing for parameters:  3.814697265625e-06 0.033334 1497 1...
nan nan
Computing for parameters:  5.3947966093944364e-06 1e-06 1497 1...
nan nan
Computing for parameters:  5.3947966093944364e-06 0.011112 1497 1...
nan nan
Computing for parameters:  5.3947966093944364e-06 0.022223000000000003 1497 1...
nan nan
Computing for parameters:  5.3947966093944364e-06 0.033334 1497 1...
nan nan
Computing for parameters:  7.62939453125e-06 1e-06 1497 1...
nan nan
Computing for parameters:  7.62939453125e-06 0.011112 1497 1...
nan nan
Computing for parameters:  7.62939453125e-06 0.022223000000000003 1497 1...
nan nan
Computing for parameters:  7.62939453125e-06 0.033334 1497 1...
nan nan
Computing for parameters:  1.0789593218788873e-05 1e-06 1497 1...
nan nan
Computing for parameters:  1.0789593218788873e-05 0.011112 1497 1...
nan nan
Computing for parameters:  1.0789593218788873e-05 0.022223000000000003 1497 1...
nan nan
Computing for parameters:  1.0789593218788873e-05 0.033334 1497 1...
nan nan
Computing for parameters:  1.52587890625e-05 1e-06 1497 1...
inf inf
Computing for parameters:  1.52587890625e-05 0.011112 1497 1...
2.268614253950477e+151 8.369373106163695e+150
Computing for parameters:  1.52587890625e-05 0.022223000000000003 1497 1...
inf inf
Computing for parameters:  1.52587890625e-05 0.033334 1497 1...
nan nan
Computing for parameters:  2.1579186437577746e-05 1e-06 1497 1...
2.849398517747908e+124 7.3760264398309e+123
Computing for parameters:  2.1579186437577746e-05 0.011112 1497 1...
1.150034614475476e+142 4.2427084096768156e+141
Computing for parameters:  2.1579186437577746e-05 0.022223000000000003 1497 1...
1.8423700881478346e+107 9.680150920296105e+106
Computing for parameters:  2.1579186437577746e-05 0.033334 1497 1...
4.2572515551673444e+116 2.8267241354387404e+116
Computing for parameters:  3.0517578125e-05 1e-06 1497 1...
6.218119662479776e+87 1.6096384816236155e+87
Computing for parameters:  3.0517578125e-05 0.011112 1497 1...
1.0845321366222983e+87 4.001056627944055e+86
Computing for parameters:  3.0517578125e-05 0.022223000000000003 1497 1...
8.58714763355702e+131 4.511845128318511e+131
Computing for parameters:  3.0517578125e-05 0.033334 1497 1...
7.073953662656921e+63 4.696954194998605e+63
Computing for parameters:  4.315837287515549e-05 1e-06 1497 1...
7.598778652016585e+84 1.9670394259907347e+84
Computing for parameters:  4.315837287515549e-05 0.011112 1497 1...
4.220016987442869e+88 1.5568489275228402e+88
Computing for parameters:  4.315837287515549e-05 0.022223000000000003 1497 1...
9.450966311832273e+55 4.96571133181737e+55
Computing for parameters:  4.315837287515549e-05 0.033334 1497 1...
4.8152800415754224e+48 3.1972431358663793e+48
Computing for parameters:  6.103515625e-05 1e-06 1497 1...
3.381421105347097e+33 6.748044664392591e+32
Computing for parameters:  6.103515625e-05 0.011112 1497 1...
4.935521160143477e+52 1.8208127710859557e+52
Computing for parameters:  6.103515625e-05 0.022223000000000003 1497 1...
1.790371059086913e+39 7.251513397580412e+38
Computing for parameters:  6.103515625e-05 0.033334 1497 1...
1.8887291813409702e+31 1.2042250902029643e+31
Computing for parameters:  8.631674575031098e-05 1e-06 1497 1...
1.5200809271818544e+25 3.033627586760799e+24
Computing for parameters:  8.631674575031098e-05 0.011112 1497 1...
1.8469740600943438e+25 5.252694901852968e+24
Computing for parameters:  8.631674575031098e-05 0.022223000000000003 1497 1...
1.0643223318770038e+27 4.3110569205092844e+26
Computing for parameters:  8.631674575031098e-05 0.033334 1497 1...
3.845324257570505e+19 2.5532126496829346e+19
Computing for parameters:  0.0001220703125 1e-06 1497 1...
4.3863083709192104e+16 8757044074685802.0
Computing for parameters:  0.0001220703125 0.011112 1497 1...
6.158279926573261e+16 1.7524328958863642e+16
Computing for parameters:  0.0001220703125 0.022223000000000003 1497 1...
4.3232828844006803e+17 1.7516111230466173e+17
Computing for parameters:  0.0001220703125 0.033334 1497 1...
49326936025908.03 33457160313676.875
Computing for parameters:  0.00017263349150062197 1e-06 1497 1...
67257244959.379906 13458761090.136456
Computing for parameters:  0.00017263349150062197 0.011112 1497 1...
64582441557.83892 18420135846.017036
Computing for parameters:  0.00017263349150062197 0.022223000000000003 1497 1...
70843690254.17732 28760919598.46219
Computing for parameters:  0.00017263349150062197 0.033334 1497 1...
566492029.4864311 383665690.30076844
Computing for parameters:  0.000244140625 1e-06 1497 1...
24847142.732551917 8848330.750475967
Computing for parameters:  0.000244140625 0.011112 1497 1...
3375545.5112044583 969141.0185369906
Computing for parameters:  0.000244140625 0.022223000000000003 1497 1...
3088458.0806950782 1262022.462995626
Computing for parameters:  0.000244140625 0.033334 1497 1...
161874.46179801456 106622.96989381225
Computing for parameters:  0.00034526698300124393 1e-06 1497 1...
0.10523302237349907 0.03137755816496434
Computing for parameters:  0.00034526698300124393 0.011112 1497 1...
0.10641500552166293 0.0438999636596255
Computing for parameters:  0.00034526698300124393 0.022223000000000003 1497 1...
0.10380894319848909 0.056320914075191957
Computing for parameters:  0.00034526698300124393 0.033334 1497 1...
0.144087523790675 0.08603188030572796
Computing for parameters:  0.00048828125 1e-06 1497 1...
0.07713135921501585 0.024762342586220863
Computing for parameters:  0.00048828125 0.011112 1497 1...
0.07811957451579152 0.034636836176321975
Computing for parameters:  0.00048828125 0.022223000000000003 1497 1...
0.0764693783245093 0.0448359453878416
Computing for parameters:  0.00048828125 0.033334 1497 1...
0.08007565882351132 0.057952548036217286
Computing for parameters:  0.0006905339660024879 1e-06 1497 1...
0.0645071943252377 0.020534713263047535
Computing for parameters:  0.0006905339660024879 0.011112 1497 1...
0.06458428159944703 0.02849273903209764
Computing for parameters:  0.0006905339660024879 0.022223000000000003 1497 1...
0.06647671062664726 0.038491380688119484
Computing for parameters:  0.0006905339660024879 0.033334 1497 1...
0.06460895682627743 0.04540810876021836
Computing for parameters:  0.0009765625 1e-06 1497 1...
0.05676162370888594 0.01727751067308821
Computing for parameters:  0.0009765625 0.011112 1497 1...
0.056028171173164186 0.023735225348902815
Computing for parameters:  0.0009765625 0.022223000000000003 1497 1...
0.058555499656305715 0.03302859216197008
Computing for parameters:  0.0009765625 0.033334 1497 1...
0.056399243467669447 0.038171595583975905
Computing for parameters:  0.0013810679320049757 1e-06 1497 1...
0.04955322978044148 0.01433164557689953
Computing for parameters:  0.0013810679320049757 0.011112 1497 1...
0.0483534099390818 0.0196164996159636
Computing for parameters:  0.0013810679320049757 0.022223000000000003 1497 1...
0.05043298442449622 0.027695412408598456
Computing for parameters:  0.0013810679320049757 0.033334 1497 1...
0.04887166141198745 0.032039346536738976
Computing for parameters:  0.001953125 1e-06 1497 1...
0.03979043583710491 0.011182314498218313
Computing for parameters:  0.001953125 0.011112 1497 1...
0.03822818520439826 0.015279856059467356
Computing for parameters:  0.001953125 0.022223000000000003 1497 1...
0.04005348863582075 0.021812993700055107
Computing for parameters:  0.001953125 0.033334 1497 1...
0.03889957566626911 0.02509718533401324
Computing for parameters:  0.0027621358640099515 1e-06 1497 1...
0.028087576281199747 0.007900276271923762
Computing for parameters:  0.0027621358640099515 0.011112 1497 1...
0.027003713238047584 0.010904579431287758
Computing for parameters:  0.0027621358640099515 0.022223000000000003 1497 1...
0.02862608895890738 0.015847905336050645
Computing for parameters:  0.0027621358640099515 0.033334 1497 1...
0.027734627794370602 0.017977380097461654
Computing for parameters:  0.00390625 1e-06 1497 1...
0.019580443576366104 0.005363840877635275
Computing for parameters:  0.00390625 0.011112 1497 1...
0.019267102579318685 0.00752652523763247
Computing for parameters:  0.00390625 0.022223000000000003 1497 1...
0.02053919202584017 0.011198202766987157
Computing for parameters:  0.00390625 0.033334 1497 1...
0.019993489159249412 0.012563005894234147
Computing for parameters:  0.005524271728019903 1e-06 1497 1...
0.01575639779943004 0.004088446248372468
Computing for parameters:  0.005524271728019903 0.011112 1497 1...
0.01537653135515766 0.0054326383560582385
Computing for parameters:  0.005524271728019903 0.022223000000000003 1497 1...
0.016290069391430885 0.008249701567682611
Computing for parameters:  0.005524271728019903 0.033334 1497 1...
0.01619788931338867 0.009332022867254045
Computing for parameters:  0.0078125 1e-06 1497 1...
0.015072197016504097 0.003967296952223482
Computing for parameters:  0.0078125 0.011112 1497 1...
0.014077641205648061 0.004581686957234992
Computing for parameters:  0.0078125 0.022223000000000003 1497 1...
0.014545452349409986 0.006857932826036724
Computing for parameters:  0.0078125 0.033334 1497 1...
0.014806782540281081 0.007925462844179073
Computing for parameters:  0.011048543456039806 1e-06 1497 1...
0.015800573507230874 0.004317833620998833
Computing for parameters:  0.011048543456039806 0.011112 1497 1...
0.014178619293638403 0.004597203237908599
Computing for parameters:  0.011048543456039806 0.022223000000000003 1497 1...
0.0143030801867844 0.00662655165571167
Computing for parameters:  0.011048543456039806 0.033334 1497 1...
0.01440875229159391 0.007547159234555993
Computing for parameters:  0.015625 1e-06 1497 1...
0.016645409125240943 0.004558021440336894
Computing for parameters:  0.015625 0.011112 1497 1...
0.014735841051298893 0.004990784944848892
Computing for parameters:  0.015625 0.022223000000000003 1497 1...
0.01466809694049618 0.007000281364874979
Computing for parameters:  0.015625 0.033334 1497 1...
0.01407065270558476 0.0074894804785444686
Computing for parameters:  0.02209708691207961 1e-06 1497 1...
0.016873023695232504 0.004513255726753914
Computing for parameters:  0.02209708691207961 0.011112 1497 1...
0.015296479697201647 0.0056403975442330286
Computing for parameters:  0.02209708691207961 0.022223000000000003 1497 1...
0.015187714561283778 0.00776909927615068
Computing for parameters:  0.02209708691207961 0.033334 1497 1...
0.013855754488769809 0.0078161230826195
Computing for parameters:  0.03125 1e-06 1497 1...
0.016420289852146584 0.004615650890881548
Computing for parameters:  0.03125 0.011112 1497 1...
0.015745325550928994 0.006683419067687327
Computing for parameters:  0.03125 0.022223000000000003 1497 1...
0.01572411643284167 0.008886602164324957
Computing for parameters:  0.03125 0.033334 1497 1...
0.014065247108214074 0.008650646990486616
Computing for parameters:  0.04419417382415922 1e-06 1497 1...
0.016878289763446186 0.006038528265205096
Computing for parameters:  0.04419417382415922 0.011112 1497 1...
0.016561485552206538 0.00822777329137467
Computing for parameters:  0.04419417382415922 0.022223000000000003 1497 1...
0.016385018909611186 0.01011374486416767
Computing for parameters:  0.04419417382415922 0.033334 1497 1...
0.014634548541366626 0.009592279728843725
Computing for parameters:  0.0625 1e-06 1497 1...
0.020959894143154342 0.008912538477496765
Computing for parameters:  0.0625 0.011112 1497 1...
0.018736597424469762 0.010176486745759945
Computing for parameters:  0.0625 0.022223000000000003 1497 1...
0.017188586929354953 0.010917853383859822
Computing for parameters:  0.0625 0.033334 1497 1...
0.014981788956723936 0.009888377479508263
Computing for parameters:  0.08838834764831845 1e-06 1497 1...
0.02867215753331816 0.012213389404857977
Computing for parameters:  0.08838834764831845 0.011112 1497 1...
0.02229261448430884 0.012212821220889056
Computing for parameters:  0.08838834764831845 0.022223000000000003 1497 1...
0.01745200067347286 0.011010204134066219
Computing for parameters:  0.08838834764831845 0.033334 1497 1...
0.014933465691263297 0.010280435495857967
Computing for parameters:  0.125 1e-06 1497 1...
0.036905266370598544 0.015101518880651225
Computing for parameters:  0.125 0.011112 1497 1...
0.025821539047936475 0.013929601457285076
Computing for parameters:  0.125 0.022223000000000003 1497 1...
0.016852775019224362 0.011284776555748324
Computing for parameters:  0.125 0.033334 1497 1...
0.020225399673082154 0.018323682644049027
Computing for parameters:  0.1767766952966369 1e-06 1497 1...
0.04307326834070761 0.01719695806078448
Computing for parameters:  0.1767766952966369 0.011112 1497 1...
0.02826836799656488 0.015136662567351026
Computing for parameters:  0.1767766952966369 0.022223000000000003 1497 1...
0.01716858786397012 0.013339465899253737
Computing for parameters:  0.1767766952966369 0.033334 1497 1...
0.04155366104208232 0.04135028708092684
Computing for parameters:  0.25 1e-06 1497 1...
0.047027587520582496 0.018588042281500444
Computing for parameters:  0.25 0.011112 1497 1...
0.02973043844563825 0.015931648884573536
Computing for parameters:  0.25 0.022223000000000003 1497 1...
0.020072847407006232 0.017070029887486817
Computing for parameters:  0.25 0.033334 1497 1...
0.0818566888612995 0.08253700430840497
Computing for parameters:  0.3535533905932738 1e-06 1497 1...
0.049513709565688645 0.01950133316051682
Computing for parameters:  0.3535533905932738 0.011112 1497 1...
0.03061792792840729 0.01646343289783074
Computing for parameters:  0.3535533905932738 0.022223000000000003 1497 1...
0.024541752189850084 0.021188839742460667
Computing for parameters:  0.3535533905932738 0.033334 1497 1...
0.13849191090618776 0.14133226131409962
Computing for parameters:  0.5 1e-06 1497 1...
0.05111368701587578 0.020109403964925946
Computing for parameters:  0.5 0.011112 1497 1...
0.031190219093154406 0.016828810170057325
Computing for parameters:  0.5 0.022223000000000003 1497 1...
0.02901249726666139 0.024868289476755713
Computing for parameters:  0.5 0.033334 1497 1...
0.2006015131236022 0.20707167040831062
Computing for parameters:  0.7071067811865476 1e-06 1497 1...
0.052170587647067564 0.02052075275539206
Computing for parameters:  0.7071067811865476 0.011112 1497 1...
0.03157629335769759 0.017083998911954168
Computing for parameters:  0.7071067811865476 0.022223000000000003 1497 1...
0.03277418473888714 0.02784081645485189
Computing for parameters:  0.7071067811865476 0.033334 1497 1...
0.255052693096908 0.26538271466352
Computing for parameters:  1.0 1e-06 1497 1...
0.0528830284824032 0.02080257202190596
Computing for parameters:  1.0 0.011112 1497 1...
0.031843237426372364 0.017263630353858337
Computing for parameters:  1.0 0.022223000000000003 1497 1...
0.035697237338219216 0.030117944893463828
Computing for parameters:  1.0 0.033334 1497 1...
0.2959800116277524 0.3094167185591655
Computing for parameters:  1.4142135623730951 1e-06 1497 1...
0.053370259599312644 0.02099744632368273
Computing for parameters:  1.4142135623730951 0.011112 1497 1...
0.03203004784162593 0.017390502091833647
Computing for parameters:  1.4142135623730951 0.022223000000000003 1497 1...
0.03787908122104258 0.03181060135606378
Computing for parameters:  1.4142135623730951 0.033334 1497 1...
0.3244037951654344 0.34000254614980296
Computing for parameters:  2.0 1e-06 1497 1...
0.053706844953001945 0.021133090688976935
Computing for parameters:  2.0 0.011112 1497 1...
0.03216152322658684 0.017480227905579446
Computing for parameters:  2.0 0.022223000000000003 1497 1...
0.039472713682735264 0.03304650975995561
Computing for parameters:  2.0 0.033334 1497 1...
0.3435787196637534 0.3605921761219369
Computing for parameters:  2.8284271247461903 1e-06 1497 1...
0.05394099507075404 0.021227947613885672
Computing for parameters:  2.8284271247461903 0.011112 1497 1...
0.03225429803987338 0.01754371023541172
Computing for parameters:  2.8284271247461903 0.022223000000000003 1497 1...
0.04062249562854711 0.03393905054157259
Computing for parameters:  2.8284271247461903 0.033334 1497 1...
0.3564636396430012 0.37438851970747383
Computing for parameters:  4.0 1e-06 1497 1...
0.054104680003001046 0.02129449916792782
Computing for parameters:  4.0 0.011112 1497 1...
0.03231984303434116 0.01758862747417659
Computing for parameters:  4.0 0.022223000000000003 1497 1...
0.04144605155658246 0.03457914376610556
Computing for parameters:  4.0 0.033334 1497 1...
0.3651746497983905 0.3836904375182623
Computing for parameters:  5.656854249492381 1e-06 1497 1...
0.05421949530031561 0.021341299410463643
Computing for parameters:  5.656854249492381 0.011112 1497 1...
0.032366175413748054 0.01762040649598736
Computing for parameters:  5.656854249492381 0.022223000000000003 1497 1...
0.04203332978597875 0.03503611777450306
Computing for parameters:  5.656854249492381 0.033334 1497 1...
0.37111562324493175 0.3900200738609301
Computing for parameters:  8.0 1e-06 1497 1...
0.054300223432917315 0.02137426363223927
Computing for parameters:  8.0 0.011112 1497 1...
0.03239893450033391 0.017642887748923343
Computing for parameters:  8.0 0.022223000000000003 1497 1...
0.04245094720761595 0.03536138101966992
Computing for parameters:  8.0 0.033334 1497 1...
0.37520160457888846 0.39436570404293386
Computing for parameters:  11.313708498984761 1e-06 1497 1...
0.05435707939495531 0.021397508889968293
Computing for parameters:  11.313708498984761 0.011112 1497 1...
0.032422098843376664 0.017658789868347628
Computing for parameters:  11.313708498984761 0.022223000000000003 1497 1...
0.0427473793495024 0.035592427135497796
Computing for parameters:  11.313708498984761 0.033334 1497 1...
0.378031642118089 0.3973716132372633
done with gibbs!
